<?xml version="1.0" encoding="UTF-8"?>
<!-- Generated by org.testng.reporters.JUnitReportReporter -->
<testsuite skipped="0" hostname="DESKTOP-MR5MJ5R" name="Codenbox.MavenProject.ValidTitleTest" tests="1" failures="0" timestamp="2020-02-26T21:08:18 EST" time="16.027" errors="0">
  <testcase name="basePageTitle" time="16.027" classname="Codenbox.MavenProject.ValidTitleTest"/>
</testsuite> <!-- Codenbox.MavenProject.ValidTitleTest -->
