<?xml version="1.0" encoding="UTF-8"?>
<!-- Generated by org.testng.reporters.JUnitReportReporter -->
<testsuite skipped="0" hostname="DESKTOP-MR5MJ5R" name="Codenbox.MavenProject.NavigationBarTest" tests="2" failures="0" timestamp="2020-02-26T21:08:18 EST" time="4.528" errors="0">
  <testcase name="dropDownSelect" time="4.230" classname="Codenbox.MavenProject.NavigationBarTest"/>
  <testcase name="basePageNavigationBar" time="0.298" classname="Codenbox.MavenProject.NavigationBarTest"/>
</testsuite> <!-- Codenbox.MavenProject.NavigationBarTest -->
