<?xml version="1.0" encoding="UTF-8"?>
<!-- Generated by org.testng.reporters.JUnitReportReporter -->
<testsuite skipped="0" hostname="DESKTOP-MR5MJ5R" name="Codenbox.MavenProject.LoginPageTest" tests="1" failures="0" timestamp="2020-02-26T21:08:18 EST" time="8.568" errors="0">
  <testcase name="basePageNavigation" time="8.568" classname="Codenbox.MavenProject.LoginPageTest"/>
</testsuite> <!-- Codenbox.MavenProject.LoginPageTest -->
