<?xml version="1.0" encoding="UTF-8"?>
<!-- Generated by org.testng.reporters.JUnitReportReporter -->
<testsuite skipped="0" hostname="DESKTOP-MR5MJ5R" name="Codenbox.MavenProject.ValidTitleTest" tests="1" failures="0" timestamp="2020-02-28T20:05:12 EST" time="14.391" errors="0">
  <testcase name="basePageTitle" time="14.391" classname="Codenbox.MavenProject.ValidTitleTest"/>
</testsuite> <!-- Codenbox.MavenProject.ValidTitleTest -->
