<?xml version="1.0" encoding="UTF-8"?>
<!-- Generated by org.testng.reporters.JUnitReportReporter -->
<testsuite skipped="0" hostname="DESKTOP-MR5MJ5R" name="Codenbox.MavenProject.LoginPageTest" tests="1" failures="0" timestamp="2020-02-28T20:05:12 EST" time="6.273" errors="0">
  <testcase name="basePageNavigation" time="6.273" classname="Codenbox.MavenProject.LoginPageTest"/>
</testsuite> <!-- Codenbox.MavenProject.LoginPageTest -->
